<?xml version="1.0" encoding="UTF-8"?>
<!-- Generated by org.testng.reporters.JUnitXMLReporter -->
<testsuite hostname="merves-MacBook-Pro.local" ignored="2" name="Default test" tests="1" failures="0" timestamp="20 Jul 2018 21:27:57 GMT" time="5.756" errors="0">
  <testcase name="dragAndDrop" time="3.723" classname="actions.Actions_HoverOver"/>
  <testcase name="scrollDown" time="0.0" classname="actions.Actions_HoverOver">
    <ignored/>
  </testcase> <!-- scrollDown -->
  <testcase name="action" time="0.0" classname="actions.Actions_HoverOver">
    <ignored/>
  </testcase> <!-- action -->
</testsuite> <!-- Default test -->
