<?xml version="1.0" encoding="UTF-8"?>
<testng-results skipped="0" failed="0" ignored="2" total="3" passed="1">
  <reporter-output>
  </reporter-output>
  <suite name="Default suite" duration-ms="5756" started-at="2018-07-20T21:27:51Z" finished-at="2018-07-20T21:27:57Z">
    <groups>
    </groups>
    <test name="Default test" duration-ms="5756" started-at="2018-07-20T21:27:51Z" finished-at="2018-07-20T21:27:57Z">
      <class name="actions.Actions_HoverOver">
        <test-method status="PASS" signature="setUp()[pri:0, instance:actions.Actions_HoverOver@42e26948]" name="setUp" is-config="true" duration-ms="2013" started-at="2018-07-20T21:27:51Z" finished-at="2018-07-20T21:27:53Z">
          <reporter-output>
          </reporter-output>
        </test-method> <!-- setUp -->
        <test-method status="PASS" signature="dragAndDrop()[pri:0, instance:actions.Actions_HoverOver@42e26948]" name="dragAndDrop" duration-ms="3723" started-at="2018-07-20T21:27:53Z" finished-at="2018-07-20T21:27:57Z">
          <reporter-output>
          </reporter-output>
        </test-method> <!-- dragAndDrop -->
      </class> <!-- actions.Actions_HoverOver -->
    </test> <!-- Default test -->
  </suite> <!-- Default suite -->
</testng-results>
